/home/arif/Cloud-2026/Projects/Website-Monitor/src/monitor.sh: line 14: logs/status.log: No such file or directory
/home/arif/Cloud-2026/Projects/Website-Monitor/src/monitor.sh: line 14: logs/status.log: No such file or directory
/home/arif/Cloud-2026/Projects/Website-Monitor/src/monitor.sh: line 16: logs/status.log: No such file or directory
/home/arif/Cloud-2026/Projects/Website-Monitor/src/monitor.sh: line 14: logs/status.log: No such file or directory
/home/arif/Cloud-2026/Projects/Website-Monitor/src/monitor.sh: line 14: logs/status.log: No such file or directory
/home/arif/Cloud-2026/Projects/Website-Monitor/src/monitor.sh: line 16: logs/status.log: No such file or directory
/home/arif/Cloud-2026/Projects/Website-Monitor/src/monitor.sh: line 14: logs/status.log: No such file or directory
/home/arif/Cloud-2026/Projects/Website-Monitor/src/monitor.sh: line 14: logs/status.log: No such file or directory
/home/arif/Cloud-2026/Projects/Website-Monitor/src/monitor.sh: line 16: logs/status.log: No such file or directory
/home/arif/Cloud-2026/Projects/Website-Monitor/src/monitor.sh: line 2: /home/arif/Cloud-2026/Projects/Website-Monitor: Is a directory
/home/arif/Cloud-2026/Projects/Website-Monitor/src/monitor.sh: line 14: logs/status.log: No such file or directory
/home/arif/Cloud-2026/Projects/Website-Monitor/src/monitor.sh: line 14: logs/status.log: No such file or directory
/home/arif/Cloud-2026/Projects/Website-Monitor/src/monitor.sh: line 16: logs/status.log: No such file or directory
/home/arif/Cloud-2026/Projects/Website-Monitor/src/monitor.sh: line 2: /home/arif/Cloud-2026/Projects/Website-Monitor: Is a directory
/home/arif/Cloud-2026/Projects/Website-Monitor/src/monitor.sh: line 14: logs/status.log: No such file or directory
/home/arif/Cloud-2026/Projects/Website-Monitor/src/monitor.sh: line 14: logs/status.log: No such file or directory
/home/arif/Cloud-2026/Projects/Website-Monitor/src/monitor.sh: line 16: logs/status.log: No such file or directory
/home/arif/Cloud-2026/Projects/Website-Monitor/src/monitor.sh: line 2: /home/arif/Cloud-2026/Projects/Website-Monitor: Is a directory
/home/arif/Cloud-2026/Projects/Website-Monitor/src/monitor.sh: line 14: logs/status.log: No such file or directory
/home/arif/Cloud-2026/Projects/Website-Monitor/src/monitor.sh: line 14: logs/status.log: No such file or directory
/home/arif/Cloud-2026/Projects/Website-Monitor/src/monitor.sh: line 16: logs/status.log: No such file or directory
/home/arif/Cloud-2026/Projects/Website-Monitor/src/monitor.sh: line 2: /home/arif/Cloud-2026/Projects/Website-Monitor: Is a directory
/home/arif/Cloud-2026/Projects/Website-Monitor/src/monitor.sh: line 14: logs/status.log: No such file or directory
/home/arif/Cloud-2026/Projects/Website-Monitor/src/monitor.sh: line 14: logs/status.log: No such file or directory
/home/arif/Cloud-2026/Projects/Website-Monitor/src/monitor.sh: line 2: /home/arif/Cloud-2026/Projects/Website-Monitor: Is a directory
/home/arif/Cloud-2026/Projects/Website-Monitor/src/monitor.sh: line 14: logs/status.log: No such file or directory
/home/arif/Cloud-2026/Projects/Website-Monitor/src/monitor.sh: line 14: logs/status.log: No such file or directory
/home/arif/Cloud-2026/Projects/Website-Monitor/src/monitor.sh: line 16: logs/status.log: No such file or directory
/home/arif/Cloud-2026/Projects/Website-Monitor/src/monitor.sh: line 16: logs/status.log: No such file or directory
/home/arif/Cloud-2026/Projects/Website-Monitor/src/monitor.sh: line 2: /home/arif/Cloud-2026/Projects/Website-Monitor: Is a directory
/home/arif/Cloud-2026/Projects/Website-Monitor/src/monitor.sh: line 14: logs/status.log: No such file or directory
/home/arif/Cloud-2026/Projects/Website-Monitor/src/monitor.sh: line 14: logs/status.log: No such file or directory
/home/arif/Cloud-2026/Projects/Website-Monitor/src/monitor.sh: line 16: logs/status.log: No such file or directory
/home/arif/Cloud-2026/Projects/Website-Monitor/src/monitor.sh: line 2: /home/arif/Cloud-2026/Projects/Website-Monitor: Is a directory
/home/arif/Cloud-2026/Projects/Website-Monitor/src/monitor.sh: line 14: logs/status.log: No such file or directory
/home/arif/Cloud-2026/Projects/Website-Monitor/src/monitor.sh: line 14: logs/status.log: No such file or directory
/home/arif/Cloud-2026/Projects/Website-Monitor/src/monitor.sh: line 16: logs/status.log: No such file or directory
/home/arif/Cloud-2026/Projects/Website-Monitor/src/monitor.sh: line 2: /home/arif/Cloud-2026/Projects/Website-Monitor: Is a directory
/home/arif/Cloud-2026/Projects/Website-Monitor/src/monitor.sh: line 14: logs/status.log: No such file or directory
/home/arif/Cloud-2026/Projects/Website-Monitor/src/monitor.sh: line 14: logs/status.log: No such file or directory
/home/arif/Cloud-2026/Projects/Website-Monitor/src/monitor.sh: line 16: logs/status.log: No such file or directory
/home/arif/Cloud-2026/Projects/Website-Monitor/src/monitor.sh: line 2: /home/arif/Cloud-2026/Projects/Website-Monitor: Is a directory
/home/arif/Cloud-2026/Projects/Website-Monitor/src/monitor.sh: line 14: logs/status.log: No such file or directory
/home/arif/Cloud-2026/Projects/Website-Monitor/src/monitor.sh: line 14: logs/status.log: No such file or directory
/home/arif/Cloud-2026/Projects/Website-Monitor/src/monitor.sh: line 16: logs/status.log: No such file or directory
/home/arif/Cloud-2026/Projects/Website-Monitor/src/monitor.sh: line 2: /home/arif/Cloud-2026/Projects/Website-Monitor: Is a directory
/home/arif/Cloud-2026/Projects/Website-Monitor/src/monitor.sh: line 14: logs/status.log: No such file or directory
/home/arif/Cloud-2026/Projects/Website-Monitor/src/monitor.sh: line 14: logs/status.log: No such file or directory
/home/arif/Cloud-2026/Projects/Website-Monitor/src/monitor.sh: line 16: logs/status.log: No such file or directory
/home/arif/Cloud-2026/Projects/Website-Monitor/src/monitor.sh: line 2: cd: /app: No such file or directory
/home/arif/Cloud-2026/Projects/Website-Monitor/src/monitor.sh: line 11: /app/logs/status.log: No such file or directory
/home/arif/Cloud-2026/Projects/Website-Monitor/src/monitor.sh: line 11: /app/logs/status.log: No such file or directory
/home/arif/Cloud-2026/Projects/Website-Monitor/src/monitor.sh: line 13: /app/logs/status.log: No such file or directory
/home/arif/Cloud-2026/Projects/Website-Monitor/src/monitor.sh: line 2: cd: /app: No such file or directory
/home/arif/Cloud-2026/Projects/Website-Monitor/src/monitor.sh: line 11: /app/logs/status.log: No such file or directory
/home/arif/Cloud-2026/Projects/Website-Monitor/src/monitor.sh: line 11: /app/logs/status.log: No such file or directory
/home/arif/Cloud-2026/Projects/Website-Monitor/src/monitor.sh: line 13: /app/logs/status.log: No such file or directory
/home/arif/Cloud-2026/Projects/Website-Monitor/src/monitor.sh: line 2: cd: /app: No such file or directory
/home/arif/Cloud-2026/Projects/Website-Monitor/src/monitor.sh: line 11: /app/logs/status.log: No such file or directory
/home/arif/Cloud-2026/Projects/Website-Monitor/src/monitor.sh: line 11: /app/logs/status.log: No such file or directory
/home/arif/Cloud-2026/Projects/Website-Monitor/src/monitor.sh: line 13: /app/logs/status.log: No such file or directory
/home/arif/Cloud-2026/Projects/Website-Monitor/src/monitor.sh: line 2: cd: /app: No such file or directory
/home/arif/Cloud-2026/Projects/Website-Monitor/src/monitor.sh: line 11: /app/logs/status.log: No such file or directory
/home/arif/Cloud-2026/Projects/Website-Monitor/src/monitor.sh: line 11: /app/logs/status.log: No such file or directory
/home/arif/Cloud-2026/Projects/Website-Monitor/src/monitor.sh: line 13: /app/logs/status.log: No such file or directory
/home/arif/Cloud-2026/Projects/Website-Monitor/src/monitor.sh: line 2: cd: /app: No such file or directory
/home/arif/Cloud-2026/Projects/Website-Monitor/src/monitor.sh: line 11: /app/logs/status.log: No such file or directory
/home/arif/Cloud-2026/Projects/Website-Monitor/src/monitor.sh: line 11: /app/logs/status.log: No such file or directory
/home/arif/Cloud-2026/Projects/Website-Monitor/src/monitor.sh: line 13: /app/logs/status.log: No such file or directory
/home/arif/Cloud-2026/Projects/Website-Monitor/src/monitor.sh: line 2: cd: /app: No such file or directory
/home/arif/Cloud-2026/Projects/Website-Monitor/src/monitor.sh: line 11: /app/logs/status.log: No such file or directory
/home/arif/Cloud-2026/Projects/Website-Monitor/src/monitor.sh: line 11: /app/logs/status.log: No such file or directory
/home/arif/Cloud-2026/Projects/Website-Monitor/src/monitor.sh: line 13: /app/logs/status.log: No such file or directory
/home/arif/Cloud-2026/Projects/Website-Monitor/src/monitor.sh: line 2: cd: /app: No such file or directory
/home/arif/Cloud-2026/Projects/Website-Monitor/src/monitor.sh: line 11: /app/logs/status.log: No such file or directory
/home/arif/Cloud-2026/Projects/Website-Monitor/src/monitor.sh: line 11: /app/logs/status.log: No such file or directory
/home/arif/Cloud-2026/Projects/Website-Monitor/src/monitor.sh: line 13: /app/logs/status.log: No such file or directory
/home/arif/Cloud-2026/Projects/Website-Monitor/src/monitor.sh: line 2: cd: /app: No such file or directory
/home/arif/Cloud-2026/Projects/Website-Monitor/src/monitor.sh: line 11: /app/logs/status.log: No such file or directory
/home/arif/Cloud-2026/Projects/Website-Monitor/src/monitor.sh: line 11: /app/logs/status.log: No such file or directory
/home/arif/Cloud-2026/Projects/Website-Monitor/src/monitor.sh: line 13: /app/logs/status.log: No such file or directory
/home/arif/Cloud-2026/Projects/Website-Monitor/src/monitor.sh: line 2: cd: /app: No such file or directory
/home/arif/Cloud-2026/Projects/Website-Monitor/src/monitor.sh: line 11: /app/logs/status.log: No such file or directory
/home/arif/Cloud-2026/Projects/Website-Monitor/src/monitor.sh: line 11: /app/logs/status.log: No such file or directory
/home/arif/Cloud-2026/Projects/Website-Monitor/src/monitor.sh: line 13: /app/logs/status.log: No such file or directory
/home/arif/Cloud-2026/Projects/Website-Monitor/src/monitor.sh: line 2: cd: /app: No such file or directory
/home/arif/Cloud-2026/Projects/Website-Monitor/src/monitor.sh: line 11: /app/logs/status.log: No such file or directory
/home/arif/Cloud-2026/Projects/Website-Monitor/src/monitor.sh: line 11: /app/logs/status.log: No such file or directory
/home/arif/Cloud-2026/Projects/Website-Monitor/src/monitor.sh: line 13: /app/logs/status.log: No such file or directory
/home/arif/Cloud-2026/Projects/Website-Monitor/src/monitor.sh: line 2: cd: /app: No such file or directory
/home/arif/Cloud-2026/Projects/Website-Monitor/src/monitor.sh: line 11: /app/logs/status.log: No such file or directory
/home/arif/Cloud-2026/Projects/Website-Monitor/src/monitor.sh: line 11: /app/logs/status.log: No such file or directory
/home/arif/Cloud-2026/Projects/Website-Monitor/src/monitor.sh: line 13: /app/logs/status.log: No such file or directory
/home/arif/Cloud-2026/Projects/Website-Monitor/src/monitor.sh: line 2: cd: /app: No such file or directory
/home/arif/Cloud-2026/Projects/Website-Monitor/src/monitor.sh: line 11: /app/logs/status.log: No such file or directory
/home/arif/Cloud-2026/Projects/Website-Monitor/src/monitor.sh: line 11: /app/logs/status.log: No such file or directory
/home/arif/Cloud-2026/Projects/Website-Monitor/src/monitor.sh: line 13: /app/logs/status.log: No such file or directory
/home/arif/Cloud-2026/Projects/Website-Monitor/src/monitor.sh: line 2: cd: /app: No such file or directory
/home/arif/Cloud-2026/Projects/Website-Monitor/src/monitor.sh: line 11: /app/logs/status.log: No such file or directory
/home/arif/Cloud-2026/Projects/Website-Monitor/src/monitor.sh: line 11: /app/logs/status.log: No such file or directory
/home/arif/Cloud-2026/Projects/Website-Monitor/src/monitor.sh: line 13: /app/logs/status.log: No such file or directory
/home/arif/Cloud-2026/Projects/Website-Monitor/src/monitor.sh: line 2: cd: /app: No such file or directory
/home/arif/Cloud-2026/Projects/Website-Monitor/src/monitor.sh: line 11: /app/logs/status.log: No such file or directory
/home/arif/Cloud-2026/Projects/Website-Monitor/src/monitor.sh: line 11: /app/logs/status.log: No such file or directory
/home/arif/Cloud-2026/Projects/Website-Monitor/src/monitor.sh: line 13: /app/logs/status.log: No such file or directory
/home/arif/Cloud-2026/Projects/Website-Monitor/src/monitor.sh: line 2: cd: /app: No such file or directory
/home/arif/Cloud-2026/Projects/Website-Monitor/src/monitor.sh: line 11: /app/logs/status.log: No such file or directory
/home/arif/Cloud-2026/Projects/Website-Monitor/src/monitor.sh: line 11: /app/logs/status.log: No such file or directory
/home/arif/Cloud-2026/Projects/Website-Monitor/src/monitor.sh: line 13: /app/logs/status.log: No such file or directory
/home/arif/Cloud-2026/Projects/Website-Monitor/src/monitor.sh: line 2: cd: /app: No such file or directory
/home/arif/Cloud-2026/Projects/Website-Monitor/src/monitor.sh: line 11: /app/logs/status.log: No such file or directory
/home/arif/Cloud-2026/Projects/Website-Monitor/src/monitor.sh: line 11: /app/logs/status.log: No such file or directory
/home/arif/Cloud-2026/Projects/Website-Monitor/src/monitor.sh: line 13: /app/logs/status.log: No such file or directory
/home/arif/Cloud-2026/Projects/Website-Monitor/src/monitor.sh: line 2: cd: /app: No such file or directory
/home/arif/Cloud-2026/Projects/Website-Monitor/src/monitor.sh: line 11: /app/logs/status.log: No such file or directory
/home/arif/Cloud-2026/Projects/Website-Monitor/src/monitor.sh: line 11: /app/logs/status.log: No such file or directory
/home/arif/Cloud-2026/Projects/Website-Monitor/src/monitor.sh: line 13: /app/logs/status.log: No such file or directory
/home/arif/Cloud-2026/Projects/Website-Monitor/src/monitor.sh: line 2: cd: /app: No such file or directory
/home/arif/Cloud-2026/Projects/Website-Monitor/src/monitor.sh: line 11: /app/logs/status.log: No such file or directory
/home/arif/Cloud-2026/Projects/Website-Monitor/src/monitor.sh: line 11: /app/logs/status.log: No such file or directory
/home/arif/Cloud-2026/Projects/Website-Monitor/src/monitor.sh: line 13: /app/logs/status.log: No such file or directory
/home/arif/Cloud-2026/Projects/Website-Monitor/src/monitor.sh: line 2: cd: /app: No such file or directory
/home/arif/Cloud-2026/Projects/Website-Monitor/src/monitor.sh: line 11: /app/logs/status.log: No such file or directory
/home/arif/Cloud-2026/Projects/Website-Monitor/src/monitor.sh: line 11: /app/logs/status.log: No such file or directory
/home/arif/Cloud-2026/Projects/Website-Monitor/src/monitor.sh: line 13: /app/logs/status.log: No such file or directory
/home/arif/Cloud-2026/Projects/Website-Monitor/src/monitor.sh: line 2: cd: /app: No such file or directory
/home/arif/Cloud-2026/Projects/Website-Monitor/src/monitor.sh: line 11: /app/logs/status.log: No such file or directory
/home/arif/Cloud-2026/Projects/Website-Monitor/src/monitor.sh: line 11: /app/logs/status.log: No such file or directory
/home/arif/Cloud-2026/Projects/Website-Monitor/src/monitor.sh: line 13: /app/logs/status.log: No such file or directory
/home/arif/Cloud-2026/Projects/Website-Monitor/src/monitor.sh: line 2: cd: /app: No such file or directory
/home/arif/Cloud-2026/Projects/Website-Monitor/src/monitor.sh: line 11: /app/logs/status.log: No such file or directory
/home/arif/Cloud-2026/Projects/Website-Monitor/src/monitor.sh: line 11: /app/logs/status.log: No such file or directory
/home/arif/Cloud-2026/Projects/Website-Monitor/src/monitor.sh: line 13: /app/logs/status.log: No such file or directory
/home/arif/Cloud-2026/Projects/Website-Monitor/src/monitor.sh: line 2: cd: /app: No such file or directory
/home/arif/Cloud-2026/Projects/Website-Monitor/src/monitor.sh: line 11: /app/logs/status.log: No such file or directory
/home/arif/Cloud-2026/Projects/Website-Monitor/src/monitor.sh: line 11: /app/logs/status.log: No such file or directory
/home/arif/Cloud-2026/Projects/Website-Monitor/src/monitor.sh: line 13: /app/logs/status.log: No such file or directory
/home/arif/Cloud-2026/Projects/Website-Monitor/src/monitor.sh: line 2: cd: /app: No such file or directory
/home/arif/Cloud-2026/Projects/Website-Monitor/src/monitor.sh: line 11: /app/logs/status.log: No such file or directory
/home/arif/Cloud-2026/Projects/Website-Monitor/src/monitor.sh: line 11: /app/logs/status.log: No such file or directory
/home/arif/Cloud-2026/Projects/Website-Monitor/src/monitor.sh: line 13: /app/logs/status.log: No such file or directory
/home/arif/Cloud-2026/Projects/Website-Monitor/src/monitor.sh: line 2: cd: /app: No such file or directory
/home/arif/Cloud-2026/Projects/Website-Monitor/src/monitor.sh: line 11: /app/logs/status.log: No such file or directory
/home/arif/Cloud-2026/Projects/Website-Monitor/src/monitor.sh: line 11: /app/logs/status.log: No such file or directory
/home/arif/Cloud-2026/Projects/Website-Monitor/src/monitor.sh: line 13: /app/logs/status.log: No such file or directory
/home/arif/Cloud-2026/Projects/Website-Monitor/src/monitor.sh: line 2: cd: /app: No such file or directory
/home/arif/Cloud-2026/Projects/Website-Monitor/src/monitor.sh: line 11: /app/logs/status.log: No such file or directory
/home/arif/Cloud-2026/Projects/Website-Monitor/src/monitor.sh: line 11: /app/logs/status.log: No such file or directory
/home/arif/Cloud-2026/Projects/Website-Monitor/src/monitor.sh: line 13: /app/logs/status.log: No such file or directory
/home/arif/Cloud-2026/Projects/Website-Monitor/src/monitor.sh: line 2: cd: /app: No such file or directory
/home/arif/Cloud-2026/Projects/Website-Monitor/src/monitor.sh: line 11: /app/logs/status.log: No such file or directory
/home/arif/Cloud-2026/Projects/Website-Monitor/src/monitor.sh: line 11: /app/logs/status.log: No such file or directory
/home/arif/Cloud-2026/Projects/Website-Monitor/src/monitor.sh: line 13: /app/logs/status.log: No such file or directory
/home/arif/Cloud-2026/Projects/Website-Monitor/src/monitor.sh: line 2: cd: /app: No such file or directory
/home/arif/Cloud-2026/Projects/Website-Monitor/src/monitor.sh: line 11: /app/logs/status.log: No such file or directory
/home/arif/Cloud-2026/Projects/Website-Monitor/src/monitor.sh: line 11: /app/logs/status.log: No such file or directory
/home/arif/Cloud-2026/Projects/Website-Monitor/src/monitor.sh: line 13: /app/logs/status.log: No such file or directory
/home/arif/Cloud-2026/Projects/Website-Monitor/src/monitor.sh: line 2: cd: /app: No such file or directory
/home/arif/Cloud-2026/Projects/Website-Monitor/src/monitor.sh: line 11: /app/logs/status.log: No such file or directory
/home/arif/Cloud-2026/Projects/Website-Monitor/src/monitor.sh: line 11: /app/logs/status.log: No such file or directory
/home/arif/Cloud-2026/Projects/Website-Monitor/src/monitor.sh: line 13: /app/logs/status.log: No such file or directory
/home/arif/Cloud-2026/Projects/Website-Monitor/src/monitor.sh: line 2: cd: /app: No such file or directory
/home/arif/Cloud-2026/Projects/Website-Monitor/src/monitor.sh: line 11: /app/logs/status.log: No such file or directory
/home/arif/Cloud-2026/Projects/Website-Monitor/src/monitor.sh: line 11: /app/logs/status.log: No such file or directory
/home/arif/Cloud-2026/Projects/Website-Monitor/src/monitor.sh: line 13: /app/logs/status.log: No such file or directory
/home/arif/Cloud-2026/Projects/Website-Monitor/src/monitor.sh: line 2: cd: /app: No such file or directory
/home/arif/Cloud-2026/Projects/Website-Monitor/src/monitor.sh: line 11: /app/logs/status.log: No such file or directory
/home/arif/Cloud-2026/Projects/Website-Monitor/src/monitor.sh: line 11: /app/logs/status.log: No such file or directory
/home/arif/Cloud-2026/Projects/Website-Monitor/src/monitor.sh: line 13: /app/logs/status.log: No such file or directory
/home/arif/Cloud-2026/Projects/Website-Monitor/src/monitor.sh: line 2: cd: /app: No such file or directory
/home/arif/Cloud-2026/Projects/Website-Monitor/src/monitor.sh: line 11: /app/logs/status.log: No such file or directory
/home/arif/Cloud-2026/Projects/Website-Monitor/src/monitor.sh: line 11: /app/logs/status.log: No such file or directory
/home/arif/Cloud-2026/Projects/Website-Monitor/src/monitor.sh: line 13: /app/logs/status.log: No such file or directory
/home/arif/Cloud-2026/Projects/Website-Monitor/src/monitor.sh: line 2: cd: /app: No such file or directory
/home/arif/Cloud-2026/Projects/Website-Monitor/src/monitor.sh: line 11: /app/logs/status.log: No such file or directory
/home/arif/Cloud-2026/Projects/Website-Monitor/src/monitor.sh: line 11: /app/logs/status.log: No such file or directory
/home/arif/Cloud-2026/Projects/Website-Monitor/src/monitor.sh: line 13: /app/logs/status.log: No such file or directory
/home/arif/Cloud-2026/Projects/Website-Monitor/src/monitor.sh: line 2: cd: /app: No such file or directory
/home/arif/Cloud-2026/Projects/Website-Monitor/src/monitor.sh: line 11: /app/logs/status.log: No such file or directory
/home/arif/Cloud-2026/Projects/Website-Monitor/src/monitor.sh: line 11: /app/logs/status.log: No such file or directory
/home/arif/Cloud-2026/Projects/Website-Monitor/src/monitor.sh: line 13: /app/logs/status.log: No such file or directory
/home/arif/Cloud-2026/Projects/Website-Monitor/src/monitor.sh: line 2: cd: /app: No such file or directory
/home/arif/Cloud-2026/Projects/Website-Monitor/src/monitor.sh: line 11: /app/logs/status.log: No such file or directory
/home/arif/Cloud-2026/Projects/Website-Monitor/src/monitor.sh: line 11: /app/logs/status.log: No such file or directory
/home/arif/Cloud-2026/Projects/Website-Monitor/src/monitor.sh: line 13: /app/logs/status.log: No such file or directory
/home/arif/Cloud-2026/Projects/Website-Monitor/src/monitor.sh: line 2: cd: /app: No such file or directory
/home/arif/Cloud-2026/Projects/Website-Monitor/src/monitor.sh: line 11: /app/logs/status.log: No such file or directory
/home/arif/Cloud-2026/Projects/Website-Monitor/src/monitor.sh: line 11: /app/logs/status.log: No such file or directory
/home/arif/Cloud-2026/Projects/Website-Monitor/src/monitor.sh: line 13: /app/logs/status.log: No such file or directory
/home/arif/Cloud-2026/Projects/Website-Monitor/src/monitor.sh: line 2: cd: /app: No such file or directory
/home/arif/Cloud-2026/Projects/Website-Monitor/src/monitor.sh: line 11: /app/logs/status.log: No such file or directory
/home/arif/Cloud-2026/Projects/Website-Monitor/src/monitor.sh: line 11: /app/logs/status.log: No such file or directory
/home/arif/Cloud-2026/Projects/Website-Monitor/src/monitor.sh: line 13: /app/logs/status.log: No such file or directory
/home/arif/Cloud-2026/Projects/Website-Monitor/src/monitor.sh: line 2: cd: /app: No such file or directory
/home/arif/Cloud-2026/Projects/Website-Monitor/src/monitor.sh: line 11: /app/logs/status.log: No such file or directory
/home/arif/Cloud-2026/Projects/Website-Monitor/src/monitor.sh: line 11: /app/logs/status.log: No such file or directory
/home/arif/Cloud-2026/Projects/Website-Monitor/src/monitor.sh: line 13: /app/logs/status.log: No such file or directory
/home/arif/Cloud-2026/Projects/Website-Monitor/src/monitor.sh: line 2: cd: /app: No such file or directory
/home/arif/Cloud-2026/Projects/Website-Monitor/src/monitor.sh: line 11: /app/logs/status.log: No such file or directory
/home/arif/Cloud-2026/Projects/Website-Monitor/src/monitor.sh: line 11: /app/logs/status.log: No such file or directory
/home/arif/Cloud-2026/Projects/Website-Monitor/src/monitor.sh: line 13: /app/logs/status.log: No such file or directory
/home/arif/Cloud-2026/Projects/Website-Monitor/src/monitor.sh: line 2: cd: /app: No such file or directory
/home/arif/Cloud-2026/Projects/Website-Monitor/src/monitor.sh: line 11: /app/logs/status.log: No such file or directory
/home/arif/Cloud-2026/Projects/Website-Monitor/src/monitor.sh: line 11: /app/logs/status.log: No such file or directory
/home/arif/Cloud-2026/Projects/Website-Monitor/src/monitor.sh: line 13: /app/logs/status.log: No such file or directory
/home/arif/Cloud-2026/Projects/Website-Monitor/src/monitor.sh: line 2: cd: /app: No such file or directory
/home/arif/Cloud-2026/Projects/Website-Monitor/src/monitor.sh: line 11: /app/logs/status.log: No such file or directory
/home/arif/Cloud-2026/Projects/Website-Monitor/src/monitor.sh: line 11: /app/logs/status.log: No such file or directory
/home/arif/Cloud-2026/Projects/Website-Monitor/src/monitor.sh: line 13: /app/logs/status.log: No such file or directory
/home/arif/Cloud-2026/Projects/Website-Monitor/src/monitor.sh: line 2: cd: /app: No such file or directory
/home/arif/Cloud-2026/Projects/Website-Monitor/src/monitor.sh: line 18: /app/logs/status.log: No such file or directory
/home/arif/Cloud-2026/Projects/Website-Monitor/src/monitor.sh: line 18: /app/logs/status.log: No such file or directory
/home/arif/Cloud-2026/Projects/Website-Monitor/src/monitor.sh: line 20: /app/logs/status.log: No such file or directory
/home/arif/Cloud-2026/Projects/Website-Monitor/src/monitor.sh: line 2: cd: /app: No such file or directory
/home/arif/Cloud-2026/Projects/Website-Monitor/src/monitor.sh: line 18: /app/logs/status.log: No such file or directory
/home/arif/Cloud-2026/Projects/Website-Monitor/src/monitor.sh: line 18: /app/logs/status.log: No such file or directory
/home/arif/Cloud-2026/Projects/Website-Monitor/src/monitor.sh: line 20: /app/logs/status.log: No such file or directory
/home/arif/Cloud-2026/Projects/Website-Monitor/src/monitor.sh: line 2: cd: /app: No such file or directory
/home/arif/Cloud-2026/Projects/Website-Monitor/src/monitor.sh: line 18: /app/logs/status.log: No such file or directory
/home/arif/Cloud-2026/Projects/Website-Monitor/src/monitor.sh: line 18: /app/logs/status.log: No such file or directory
/home/arif/Cloud-2026/Projects/Website-Monitor/src/monitor.sh: line 20: /app/logs/status.log: No such file or directory
/home/arif/Cloud-2026/Projects/Website-Monitor/src/monitor.sh: line 2: cd: /app: No such file or directory
/home/arif/Cloud-2026/Projects/Website-Monitor/src/monitor.sh: line 18: /app/logs/status.log: No such file or directory
/home/arif/Cloud-2026/Projects/Website-Monitor/src/monitor.sh: line 18: /app/logs/status.log: No such file or directory
/home/arif/Cloud-2026/Projects/Website-Monitor/src/monitor.sh: line 20: /app/logs/status.log: No such file or directory
/home/arif/Cloud-2026/Projects/Website-Monitor/src/monitor.sh: line 2: cd: /app: No such file or directory
/home/arif/Cloud-2026/Projects/Website-Monitor/src/monitor.sh: line 18: /app/logs/status.log: No such file or directory
/home/arif/Cloud-2026/Projects/Website-Monitor/src/monitor.sh: line 18: /app/logs/status.log: No such file or directory
/home/arif/Cloud-2026/Projects/Website-Monitor/src/monitor.sh: line 20: /app/logs/status.log: No such file or directory
/home/arif/Cloud-2026/Projects/Website-Monitor/src/monitor.sh: line 2: cd: /app: No such file or directory
/home/arif/Cloud-2026/Projects/Website-Monitor/src/monitor.sh: line 18: /app/logs/status.log: No such file or directory
/home/arif/Cloud-2026/Projects/Website-Monitor/src/monitor.sh: line 18: /app/logs/status.log: No such file or directory
/home/arif/Cloud-2026/Projects/Website-Monitor/src/monitor.sh: line 20: /app/logs/status.log: No such file or directory
/home/arif/Cloud-2026/Projects/Website-Monitor/src/monitor.sh: line 2: cd: /app: No such file or directory
/home/arif/Cloud-2026/Projects/Website-Monitor/src/monitor.sh: line 18: /app/logs/status.log: No such file or directory
/home/arif/Cloud-2026/Projects/Website-Monitor/src/monitor.sh: line 18: /app/logs/status.log: No such file or directory
/home/arif/Cloud-2026/Projects/Website-Monitor/src/monitor.sh: line 20: /app/logs/status.log: No such file or directory
/home/arif/Cloud-2026/Projects/Website-Monitor/src/monitor.sh: line 2: cd: /app: No such file or directory
/home/arif/Cloud-2026/Projects/Website-Monitor/src/monitor.sh: line 18: /app/logs/status.log: No such file or directory
/home/arif/Cloud-2026/Projects/Website-Monitor/src/monitor.sh: line 18: /app/logs/status.log: No such file or directory
/home/arif/Cloud-2026/Projects/Website-Monitor/src/monitor.sh: line 20: /app/logs/status.log: No such file or directory
/home/arif/Cloud-2026/Projects/Website-Monitor/src/monitor.sh: line 2: cd: /app: No such file or directory
/home/arif/Cloud-2026/Projects/Website-Monitor/src/monitor.sh: line 18: /app/logs/status.log: No such file or directory
/home/arif/Cloud-2026/Projects/Website-Monitor/src/monitor.sh: line 18: /app/logs/status.log: No such file or directory
/home/arif/Cloud-2026/Projects/Website-Monitor/src/monitor.sh: line 20: /app/logs/status.log: No such file or directory
/home/arif/Cloud-2026/Projects/Website-Monitor/src/monitor.sh: line 2: cd: /app: No such file or directory
/home/arif/Cloud-2026/Projects/Website-Monitor/src/monitor.sh: line 18: /app/logs/status.log: No such file or directory
/home/arif/Cloud-2026/Projects/Website-Monitor/src/monitor.sh: line 18: /app/logs/status.log: No such file or directory
/home/arif/Cloud-2026/Projects/Website-Monitor/src/monitor.sh: line 20: /app/logs/status.log: No such file or directory
/home/arif/Cloud-2026/Projects/Website-Monitor/src/monitor.sh: line 2: cd: /app: No such file or directory
/home/arif/Cloud-2026/Projects/Website-Monitor/src/monitor.sh: line 18: /app/logs/status.log: No such file or directory
/home/arif/Cloud-2026/Projects/Website-Monitor/src/monitor.sh: line 18: /app/logs/status.log: No such file or directory
/home/arif/Cloud-2026/Projects/Website-Monitor/src/monitor.sh: line 20: /app/logs/status.log: No such file or directory
/home/arif/Cloud-2026/Projects/Website-Monitor/src/monitor.sh: line 2: cd: /app: No such file or directory
/home/arif/Cloud-2026/Projects/Website-Monitor/src/monitor.sh: line 18: /app/logs/status.log: No such file or directory
/home/arif/Cloud-2026/Projects/Website-Monitor/src/monitor.sh: line 18: /app/logs/status.log: No such file or directory
/home/arif/Cloud-2026/Projects/Website-Monitor/src/monitor.sh: line 20: /app/logs/status.log: No such file or directory
/home/arif/Cloud-2026/Projects/Website-Monitor/src/monitor.sh: line 2: cd: /app: No such file or directory
/home/arif/Cloud-2026/Projects/Website-Monitor/src/monitor.sh: line 18: /app/logs/status.log: No such file or directory
/home/arif/Cloud-2026/Projects/Website-Monitor/src/monitor.sh: line 18: /app/logs/status.log: No such file or directory
/home/arif/Cloud-2026/Projects/Website-Monitor/src/monitor.sh: line 20: /app/logs/status.log: No such file or directory
/home/arif/Cloud-2026/Projects/Website-Monitor/src/monitor.sh: line 2: cd: /app: No such file or directory
/home/arif/Cloud-2026/Projects/Website-Monitor/src/monitor.sh: line 18: /app/logs/status.log: No such file or directory
/home/arif/Cloud-2026/Projects/Website-Monitor/src/monitor.sh: line 18: /app/logs/status.log: No such file or directory
/home/arif/Cloud-2026/Projects/Website-Monitor/src/monitor.sh: line 20: /app/logs/status.log: No such file or directory
/home/arif/Cloud-2026/Projects/Website-Monitor/src/monitor.sh: line 2: cd: /app: No such file or directory
/home/arif/Cloud-2026/Projects/Website-Monitor/src/monitor.sh: line 18: /app/logs/status.log: No such file or directory
/home/arif/Cloud-2026/Projects/Website-Monitor/src/monitor.sh: line 18: /app/logs/status.log: No such file or directory
/home/arif/Cloud-2026/Projects/Website-Monitor/src/monitor.sh: line 20: /app/logs/status.log: No such file or directory
/home/arif/Cloud-2026/Projects/Website-Monitor/src/monitor.sh: line 2: cd: /app: No such file or directory
/home/arif/Cloud-2026/Projects/Website-Monitor/src/monitor.sh: line 18: /app/logs/status.log: No such file or directory
/home/arif/Cloud-2026/Projects/Website-Monitor/src/monitor.sh: line 18: /app/logs/status.log: No such file or directory
/home/arif/Cloud-2026/Projects/Website-Monitor/src/monitor.sh: line 20: /app/logs/status.log: No such file or directory
/home/arif/Cloud-2026/Projects/Website-Monitor/src/monitor.sh: line 2: cd: /app: No such file or directory
/home/arif/Cloud-2026/Projects/Website-Monitor/src/monitor.sh: line 18: /app/logs/status.log: No such file or directory
/home/arif/Cloud-2026/Projects/Website-Monitor/src/monitor.sh: line 18: /app/logs/status.log: No such file or directory
/home/arif/Cloud-2026/Projects/Website-Monitor/src/monitor.sh: line 20: /app/logs/status.log: No such file or directory
/home/arif/Cloud-2026/Projects/Website-Monitor/src/monitor.sh: line 2: cd: /app: No such file or directory
/home/arif/Cloud-2026/Projects/Website-Monitor/src/monitor.sh: line 18: /app/logs/status.log: No such file or directory
/home/arif/Cloud-2026/Projects/Website-Monitor/src/monitor.sh: line 18: /app/logs/status.log: No such file or directory
/home/arif/Cloud-2026/Projects/Website-Monitor/src/monitor.sh: line 20: /app/logs/status.log: No such file or directory
/home/arif/Cloud-2026/Projects/Website-Monitor/src/monitor.sh: line 2: cd: /app: No such file or directory
/home/arif/Cloud-2026/Projects/Website-Monitor/src/monitor.sh: line 18: /app/logs/status.log: No such file or directory
/home/arif/Cloud-2026/Projects/Website-Monitor/src/monitor.sh: line 18: /app/logs/status.log: No such file or directory
/home/arif/Cloud-2026/Projects/Website-Monitor/src/monitor.sh: line 20: /app/logs/status.log: No such file or directory
/home/arif/Cloud-2026/Projects/Website-Monitor/src/monitor.sh: line 2: cd: /app: No such file or directory
/home/arif/Cloud-2026/Projects/Website-Monitor/src/monitor.sh: line 18: /app/logs/status.log: No such file or directory
/home/arif/Cloud-2026/Projects/Website-Monitor/src/monitor.sh: line 18: /app/logs/status.log: No such file or directory
/home/arif/Cloud-2026/Projects/Website-Monitor/src/monitor.sh: line 20: /app/logs/status.log: No such file or directory
/home/arif/Cloud-2026/Projects/Website-Monitor/src/monitor.sh: line 2: cd: /app: No such file or directory
/home/arif/Cloud-2026/Projects/Website-Monitor/src/monitor.sh: line 18: /app/logs/status.log: No such file or directory
/home/arif/Cloud-2026/Projects/Website-Monitor/src/monitor.sh: line 18: /app/logs/status.log: No such file or directory
/home/arif/Cloud-2026/Projects/Website-Monitor/src/monitor.sh: line 20: /app/logs/status.log: No such file or directory
/home/arif/Cloud-2026/Projects/Website-Monitor/src/monitor.sh: line 2: cd: /app: No such file or directory
/home/arif/Cloud-2026/Projects/Website-Monitor/src/monitor.sh: line 18: /app/logs/status.log: No such file or directory
/home/arif/Cloud-2026/Projects/Website-Monitor/src/monitor.sh: line 18: /app/logs/status.log: No such file or directory
/home/arif/Cloud-2026/Projects/Website-Monitor/src/monitor.sh: line 20: /app/logs/status.log: No such file or directory
/home/arif/Cloud-2026/Projects/Website-Monitor/src/monitor.sh: line 2: cd: /app: No such file or directory
/home/arif/Cloud-2026/Projects/Website-Monitor/src/monitor.sh: line 18: /app/logs/status.log: No such file or directory
/home/arif/Cloud-2026/Projects/Website-Monitor/src/monitor.sh: line 18: /app/logs/status.log: No such file or directory
/home/arif/Cloud-2026/Projects/Website-Monitor/src/monitor.sh: line 20: /app/logs/status.log: No such file or directory
/home/arif/Cloud-2026/Projects/Website-Monitor/src/monitor.sh: line 2: cd: /app: No such file or directory
/home/arif/Cloud-2026/Projects/Website-Monitor/src/monitor.sh: line 18: /app/logs/status.log: No such file or directory
/home/arif/Cloud-2026/Projects/Website-Monitor/src/monitor.sh: line 18: /app/logs/status.log: No such file or directory
/home/arif/Cloud-2026/Projects/Website-Monitor/src/monitor.sh: line 20: /app/logs/status.log: No such file or directory
/home/arif/Cloud-2026/Projects/Website-Monitor/src/monitor.sh: line 2: cd: /app: No such file or directory
/home/arif/Cloud-2026/Projects/Website-Monitor/src/monitor.sh: line 18: /app/logs/status.log: No such file or directory
/home/arif/Cloud-2026/Projects/Website-Monitor/src/monitor.sh: line 18: /app/logs/status.log: No such file or directory
/home/arif/Cloud-2026/Projects/Website-Monitor/src/monitor.sh: line 20: /app/logs/status.log: No such file or directory
/home/arif/Cloud-2026/Projects/Website-Monitor/src/monitor.sh: line 2: cd: /app: No such file or directory
/home/arif/Cloud-2026/Projects/Website-Monitor/src/monitor.sh: line 18: /app/logs/status.log: No such file or directory
/home/arif/Cloud-2026/Projects/Website-Monitor/src/monitor.sh: line 18: /app/logs/status.log: No such file or directory
/home/arif/Cloud-2026/Projects/Website-Monitor/src/monitor.sh: line 20: /app/logs/status.log: No such file or directory
/home/arif/Cloud-2026/Projects/Website-Monitor/src/monitor.sh: line 2: cd: /app: No such file or directory
/home/arif/Cloud-2026/Projects/Website-Monitor/src/monitor.sh: line 18: /app/logs/status.log: No such file or directory
/home/arif/Cloud-2026/Projects/Website-Monitor/src/monitor.sh: line 18: /app/logs/status.log: No such file or directory
/home/arif/Cloud-2026/Projects/Website-Monitor/src/monitor.sh: line 20: /app/logs/status.log: No such file or directory
/home/arif/Cloud-2026/Projects/Website-Monitor/src/monitor.sh: line 2: cd: /app: No such file or directory
/home/arif/Cloud-2026/Projects/Website-Monitor/src/monitor.sh: line 18: /app/logs/status.log: No such file or directory
/home/arif/Cloud-2026/Projects/Website-Monitor/src/monitor.sh: line 18: /app/logs/status.log: No such file or directory
/home/arif/Cloud-2026/Projects/Website-Monitor/src/monitor.sh: line 20: /app/logs/status.log: No such file or directory
/home/arif/Cloud-2026/Projects/Website-Monitor/src/monitor.sh: line 2: cd: /app: No such file or directory
/home/arif/Cloud-2026/Projects/Website-Monitor/src/monitor.sh: line 18: /app/logs/status.log: No such file or directory
/home/arif/Cloud-2026/Projects/Website-Monitor/src/monitor.sh: line 18: /app/logs/status.log: No such file or directory
/home/arif/Cloud-2026/Projects/Website-Monitor/src/monitor.sh: line 20: /app/logs/status.log: No such file or directory
/home/arif/Cloud-2026/Projects/Website-Monitor/src/monitor.sh: line 2: cd: /app: No such file or directory
/home/arif/Cloud-2026/Projects/Website-Monitor/src/monitor.sh: line 18: /app/logs/status.log: No such file or directory
/home/arif/Cloud-2026/Projects/Website-Monitor/src/monitor.sh: line 18: /app/logs/status.log: No such file or directory
/home/arif/Cloud-2026/Projects/Website-Monitor/src/monitor.sh: line 20: /app/logs/status.log: No such file or directory
/home/arif/Cloud-2026/Projects/Website-Monitor/src/monitor.sh: line 2: cd: /app: No such file or directory
/home/arif/Cloud-2026/Projects/Website-Monitor/src/monitor.sh: line 18: /app/logs/status.log: No such file or directory
/home/arif/Cloud-2026/Projects/Website-Monitor/src/monitor.sh: line 18: /app/logs/status.log: No such file or directory
/home/arif/Cloud-2026/Projects/Website-Monitor/src/monitor.sh: line 20: /app/logs/status.log: No such file or directory
/home/arif/Cloud-2026/Projects/Website-Monitor/src/monitor.sh: line 2: cd: /app: No such file or directory
/home/arif/Cloud-2026/Projects/Website-Monitor/src/monitor.sh: line 18: /app/logs/status.log: No such file or directory
/home/arif/Cloud-2026/Projects/Website-Monitor/src/monitor.sh: line 18: /app/logs/status.log: No such file or directory
/home/arif/Cloud-2026/Projects/Website-Monitor/src/monitor.sh: line 20: /app/logs/status.log: No such file or directory
/home/arif/Cloud-2026/Projects/Website-Monitor/src/monitor.sh: line 2: cd: /app: No such file or directory
/home/arif/Cloud-2026/Projects/Website-Monitor/src/monitor.sh: line 18: /app/logs/status.log: No such file or directory
/home/arif/Cloud-2026/Projects/Website-Monitor/src/monitor.sh: line 18: /app/logs/status.log: No such file or directory
/home/arif/Cloud-2026/Projects/Website-Monitor/src/monitor.sh: line 20: /app/logs/status.log: No such file or directory
/home/arif/Cloud-2026/Projects/Website-Monitor/src/monitor.sh: line 2: cd: /app: No such file or directory
/home/arif/Cloud-2026/Projects/Website-Monitor/src/monitor.sh: line 18: /app/logs/status.log: No such file or directory
/home/arif/Cloud-2026/Projects/Website-Monitor/src/monitor.sh: line 18: /app/logs/status.log: No such file or directory
/home/arif/Cloud-2026/Projects/Website-Monitor/src/monitor.sh: line 20: /app/logs/status.log: No such file or directory
/home/arif/Cloud-2026/Projects/Website-Monitor/src/monitor.sh: line 2: cd: /app: No such file or directory
/home/arif/Cloud-2026/Projects/Website-Monitor/src/monitor.sh: line 18: /app/logs/status.log: No such file or directory
/home/arif/Cloud-2026/Projects/Website-Monitor/src/monitor.sh: line 18: /app/logs/status.log: No such file or directory
/home/arif/Cloud-2026/Projects/Website-Monitor/src/monitor.sh: line 20: /app/logs/status.log: No such file or directory
/home/arif/Cloud-2026/Projects/Website-Monitor/src/monitor.sh: line 2: cd: /app: No such file or directory
/home/arif/Cloud-2026/Projects/Website-Monitor/src/monitor.sh: line 18: /app/logs/status.log: No such file or directory
/home/arif/Cloud-2026/Projects/Website-Monitor/src/monitor.sh: line 18: /app/logs/status.log: No such file or directory
/home/arif/Cloud-2026/Projects/Website-Monitor/src/monitor.sh: line 20: /app/logs/status.log: No such file or directory
/home/arif/Cloud-2026/Projects/Website-Monitor/src/monitor.sh: line 2: cd: /app: No such file or directory
/home/arif/Cloud-2026/Projects/Website-Monitor/src/monitor.sh: line 18: /app/logs/status.log: No such file or directory
/home/arif/Cloud-2026/Projects/Website-Monitor/src/monitor.sh: line 18: /app/logs/status.log: No such file or directory
/home/arif/Cloud-2026/Projects/Website-Monitor/src/monitor.sh: line 20: /app/logs/status.log: No such file or directory
/home/arif/Cloud-2026/Projects/Website-Monitor/src/monitor.sh: line 2: cd: /app: No such file or directory
/home/arif/Cloud-2026/Projects/Website-Monitor/src/monitor.sh: line 18: /app/logs/status.log: No such file or directory
/home/arif/Cloud-2026/Projects/Website-Monitor/src/monitor.sh: line 18: /app/logs/status.log: No such file or directory
/home/arif/Cloud-2026/Projects/Website-Monitor/src/monitor.sh: line 20: /app/logs/status.log: No such file or directory
/home/arif/Cloud-2026/Projects/Website-Monitor/src/monitor.sh: line 2: cd: /app: No such file or directory
/home/arif/Cloud-2026/Projects/Website-Monitor/src/monitor.sh: line 18: /app/logs/status.log: No such file or directory
/home/arif/Cloud-2026/Projects/Website-Monitor/src/monitor.sh: line 18: /app/logs/status.log: No such file or directory
/home/arif/Cloud-2026/Projects/Website-Monitor/src/monitor.sh: line 20: /app/logs/status.log: No such file or directory
/home/arif/Cloud-2026/Projects/Website-Monitor/src/monitor.sh: line 2: cd: /app: No such file or directory
/home/arif/Cloud-2026/Projects/Website-Monitor/src/monitor.sh: line 18: /app/logs/status.log: No such file or directory
/home/arif/Cloud-2026/Projects/Website-Monitor/src/monitor.sh: line 18: /app/logs/status.log: No such file or directory
/home/arif/Cloud-2026/Projects/Website-Monitor/src/monitor.sh: line 20: /app/logs/status.log: No such file or directory
/home/arif/Cloud-2026/Projects/Website-Monitor/src/monitor.sh: line 2: cd: /app: No such file or directory
/home/arif/Cloud-2026/Projects/Website-Monitor/src/monitor.sh: line 18: /app/logs/status.log: No such file or directory
/home/arif/Cloud-2026/Projects/Website-Monitor/src/monitor.sh: line 18: /app/logs/status.log: No such file or directory
/home/arif/Cloud-2026/Projects/Website-Monitor/src/monitor.sh: line 20: /app/logs/status.log: No such file or directory
/home/arif/Cloud-2026/Projects/Website-Monitor/src/monitor.sh: line 2: cd: /app: No such file or directory
/home/arif/Cloud-2026/Projects/Website-Monitor/src/monitor.sh: line 18: /app/logs/status.log: No such file or directory
/home/arif/Cloud-2026/Projects/Website-Monitor/src/monitor.sh: line 18: /app/logs/status.log: No such file or directory
/home/arif/Cloud-2026/Projects/Website-Monitor/src/monitor.sh: line 20: /app/logs/status.log: No such file or directory
/home/arif/Cloud-2026/Projects/Website-Monitor/src/monitor.sh: line 2: cd: /app: No such file or directory
/home/arif/Cloud-2026/Projects/Website-Monitor/src/monitor.sh: line 18: /app/logs/status.log: No such file or directory
/home/arif/Cloud-2026/Projects/Website-Monitor/src/monitor.sh: line 18: /app/logs/status.log: No such file or directory
/home/arif/Cloud-2026/Projects/Website-Monitor/src/monitor.sh: line 20: /app/logs/status.log: No such file or directory
/home/arif/Cloud-2026/Projects/Website-Monitor/src/monitor.sh: line 2: cd: /app: No such file or directory
/home/arif/Cloud-2026/Projects/Website-Monitor/src/monitor.sh: line 18: /app/logs/status.log: No such file or directory
/home/arif/Cloud-2026/Projects/Website-Monitor/src/monitor.sh: line 18: /app/logs/status.log: No such file or directory
/home/arif/Cloud-2026/Projects/Website-Monitor/src/monitor.sh: line 20: /app/logs/status.log: No such file or directory
/home/arif/Cloud-2026/Projects/Website-Monitor/src/monitor.sh: line 2: cd: /app: No such file or directory
/home/arif/Cloud-2026/Projects/Website-Monitor/src/monitor.sh: line 18: /app/logs/status.log: No such file or directory
/home/arif/Cloud-2026/Projects/Website-Monitor/src/monitor.sh: line 18: /app/logs/status.log: No such file or directory
/home/arif/Cloud-2026/Projects/Website-Monitor/src/monitor.sh: line 20: /app/logs/status.log: No such file or directory
/home/arif/Cloud-2026/Projects/Website-Monitor/src/monitor.sh: line 2: cd: /app: No such file or directory
/home/arif/Cloud-2026/Projects/Website-Monitor/src/monitor.sh: line 18: /app/logs/status.log: No such file or directory
/home/arif/Cloud-2026/Projects/Website-Monitor/src/monitor.sh: line 18: /app/logs/status.log: No such file or directory
/home/arif/Cloud-2026/Projects/Website-Monitor/src/monitor.sh: line 20: /app/logs/status.log: No such file or directory
/home/arif/Cloud-2026/Projects/Website-Monitor/src/monitor.sh: line 2: cd: /app: No such file or directory
/home/arif/Cloud-2026/Projects/Website-Monitor/src/monitor.sh: line 18: /app/logs/status.log: No such file or directory
/home/arif/Cloud-2026/Projects/Website-Monitor/src/monitor.sh: line 18: /app/logs/status.log: No such file or directory
/home/arif/Cloud-2026/Projects/Website-Monitor/src/monitor.sh: line 20: /app/logs/status.log: No such file or directory
/home/arif/Cloud-2026/Projects/Website-Monitor/src/monitor.sh: line 2: cd: /app: No such file or directory
/home/arif/Cloud-2026/Projects/Website-Monitor/src/monitor.sh: line 18: /app/logs/status.log: No such file or directory
/home/arif/Cloud-2026/Projects/Website-Monitor/src/monitor.sh: line 18: /app/logs/status.log: No such file or directory
/home/arif/Cloud-2026/Projects/Website-Monitor/src/monitor.sh: line 20: /app/logs/status.log: No such file or directory
/home/arif/Cloud-2026/Projects/Website-Monitor/src/monitor.sh: line 2: cd: /app: No such file or directory
/home/arif/Cloud-2026/Projects/Website-Monitor/src/monitor.sh: line 18: /app/logs/status.log: No such file or directory
/home/arif/Cloud-2026/Projects/Website-Monitor/src/monitor.sh: line 18: /app/logs/status.log: No such file or directory
/home/arif/Cloud-2026/Projects/Website-Monitor/src/monitor.sh: line 20: /app/logs/status.log: No such file or directory
/home/arif/Cloud-2026/Projects/Website-Monitor/src/monitor.sh: line 2: cd: /app: No such file or directory
/home/arif/Cloud-2026/Projects/Website-Monitor/src/monitor.sh: line 18: /app/logs/status.log: No such file or directory
/home/arif/Cloud-2026/Projects/Website-Monitor/src/monitor.sh: line 18: /app/logs/status.log: No such file or directory
/home/arif/Cloud-2026/Projects/Website-Monitor/src/monitor.sh: line 20: /app/logs/status.log: No such file or directory
/home/arif/Cloud-2026/Projects/Website-Monitor/src/monitor.sh: line 2: cd: /app: No such file or directory
/home/arif/Cloud-2026/Projects/Website-Monitor/src/monitor.sh: line 18: /app/logs/status.log: No such file or directory
/home/arif/Cloud-2026/Projects/Website-Monitor/src/monitor.sh: line 18: /app/logs/status.log: No such file or directory
/home/arif/Cloud-2026/Projects/Website-Monitor/src/monitor.sh: line 20: /app/logs/status.log: No such file or directory
/home/arif/Cloud-2026/Projects/Website-Monitor/src/monitor.sh: line 2: cd: /app: No such file or directory
/home/arif/Cloud-2026/Projects/Website-Monitor/src/monitor.sh: line 18: /app/logs/status.log: No such file or directory
/home/arif/Cloud-2026/Projects/Website-Monitor/src/monitor.sh: line 18: /app/logs/status.log: No such file or directory
/home/arif/Cloud-2026/Projects/Website-Monitor/src/monitor.sh: line 20: /app/logs/status.log: No such file or directory
/home/arif/Cloud-2026/Projects/Website-Monitor/src/monitor.sh: line 2: cd: /app: No such file or directory
/home/arif/Cloud-2026/Projects/Website-Monitor/src/monitor.sh: line 18: /app/logs/status.log: No such file or directory
/home/arif/Cloud-2026/Projects/Website-Monitor/src/monitor.sh: line 18: /app/logs/status.log: No such file or directory
/home/arif/Cloud-2026/Projects/Website-Monitor/src/monitor.sh: line 20: /app/logs/status.log: No such file or directory
/home/arif/Cloud-2026/Projects/Website-Monitor/src/monitor.sh: line 2: cd: /app: No such file or directory
/home/arif/Cloud-2026/Projects/Website-Monitor/src/monitor.sh: line 18: /app/logs/status.log: No such file or directory
/home/arif/Cloud-2026/Projects/Website-Monitor/src/monitor.sh: line 18: /app/logs/status.log: No such file or directory
/home/arif/Cloud-2026/Projects/Website-Monitor/src/monitor.sh: line 20: /app/logs/status.log: No such file or directory
/home/arif/Cloud-2026/Projects/Website-Monitor/src/monitor.sh: line 2: cd: /app: No such file or directory
/home/arif/Cloud-2026/Projects/Website-Monitor/src/monitor.sh: line 18: /app/logs/status.log: No such file or directory
/home/arif/Cloud-2026/Projects/Website-Monitor/src/monitor.sh: line 18: /app/logs/status.log: No such file or directory
/home/arif/Cloud-2026/Projects/Website-Monitor/src/monitor.sh: line 20: /app/logs/status.log: No such file or directory
/home/arif/Cloud-2026/Projects/Website-Monitor/src/monitor.sh: line 2: cd: /app: No such file or directory
/home/arif/Cloud-2026/Projects/Website-Monitor/src/monitor.sh: line 18: /app/logs/status.log: No such file or directory
/home/arif/Cloud-2026/Projects/Website-Monitor/src/monitor.sh: line 18: /app/logs/status.log: No such file or directory
/home/arif/Cloud-2026/Projects/Website-Monitor/src/monitor.sh: line 20: /app/logs/status.log: No such file or directory
/home/arif/Cloud-2026/Projects/Website-Monitor/src/monitor.sh: line 2: cd: /app: No such file or directory
/home/arif/Cloud-2026/Projects/Website-Monitor/src/monitor.sh: line 18: /app/logs/status.log: No such file or directory
/home/arif/Cloud-2026/Projects/Website-Monitor/src/monitor.sh: line 18: /app/logs/status.log: No such file or directory
/home/arif/Cloud-2026/Projects/Website-Monitor/src/monitor.sh: line 20: /app/logs/status.log: No such file or directory
/home/arif/Cloud-2026/Projects/Website-Monitor/src/monitor.sh: line 2: cd: /app: No such file or directory
/home/arif/Cloud-2026/Projects/Website-Monitor/src/monitor.sh: line 18: /app/logs/status.log: No such file or directory
/home/arif/Cloud-2026/Projects/Website-Monitor/src/monitor.sh: line 18: /app/logs/status.log: No such file or directory
/home/arif/Cloud-2026/Projects/Website-Monitor/src/monitor.sh: line 20: /app/logs/status.log: No such file or directory
/home/arif/Cloud-2026/Projects/Website-Monitor/src/monitor.sh: line 2: cd: /app: No such file or directory
/home/arif/Cloud-2026/Projects/Website-Monitor/src/monitor.sh: line 18: /app/logs/status.log: No such file or directory
/home/arif/Cloud-2026/Projects/Website-Monitor/src/monitor.sh: line 18: /app/logs/status.log: No such file or directory
/home/arif/Cloud-2026/Projects/Website-Monitor/src/monitor.sh: line 20: /app/logs/status.log: No such file or directory
/home/arif/Cloud-2026/Projects/Website-Monitor/src/monitor.sh: line 2: cd: /app: No such file or directory
/home/arif/Cloud-2026/Projects/Website-Monitor/src/monitor.sh: line 18: /app/logs/status.log: No such file or directory
/home/arif/Cloud-2026/Projects/Website-Monitor/src/monitor.sh: line 18: /app/logs/status.log: No such file or directory
/home/arif/Cloud-2026/Projects/Website-Monitor/src/monitor.sh: line 20: /app/logs/status.log: No such file or directory
/home/arif/Cloud-2026/Projects/Website-Monitor/src/monitor.sh: line 2: cd: /app: No such file or directory
/home/arif/Cloud-2026/Projects/Website-Monitor/src/monitor.sh: line 18: /app/logs/status.log: No such file or directory
/home/arif/Cloud-2026/Projects/Website-Monitor/src/monitor.sh: line 18: /app/logs/status.log: No such file or directory
/home/arif/Cloud-2026/Projects/Website-Monitor/src/monitor.sh: line 20: /app/logs/status.log: No such file or directory
/home/arif/Cloud-2026/Projects/Website-Monitor/src/monitor.sh: line 2: cd: /app: No such file or directory
/home/arif/Cloud-2026/Projects/Website-Monitor/src/monitor.sh: line 18: /app/logs/status.log: No such file or directory
/home/arif/Cloud-2026/Projects/Website-Monitor/src/monitor.sh: line 18: /app/logs/status.log: No such file or directory
/home/arif/Cloud-2026/Projects/Website-Monitor/src/monitor.sh: line 20: /app/logs/status.log: No such file or directory
/home/arif/Cloud-2026/Projects/Website-Monitor/src/monitor.sh: line 2: cd: /app: No such file or directory
/home/arif/Cloud-2026/Projects/Website-Monitor/src/monitor.sh: line 18: /app/logs/status.log: No such file or directory
/home/arif/Cloud-2026/Projects/Website-Monitor/src/monitor.sh: line 18: /app/logs/status.log: No such file or directory
/home/arif/Cloud-2026/Projects/Website-Monitor/src/monitor.sh: line 20: /app/logs/status.log: No such file or directory
/home/arif/Cloud-2026/Projects/Website-Monitor/src/monitor.sh: line 2: cd: /app: No such file or directory
/home/arif/Cloud-2026/Projects/Website-Monitor/src/monitor.sh: line 18: /app/logs/status.log: No such file or directory
/home/arif/Cloud-2026/Projects/Website-Monitor/src/monitor.sh: line 18: /app/logs/status.log: No such file or directory
/home/arif/Cloud-2026/Projects/Website-Monitor/src/monitor.sh: line 20: /app/logs/status.log: No such file or directory
/home/arif/Cloud-2026/Projects/Website-Monitor/src/monitor.sh: line 2: cd: /app: No such file or directory
/home/arif/Cloud-2026/Projects/Website-Monitor/src/monitor.sh: line 18: /app/logs/status.log: No such file or directory
/home/arif/Cloud-2026/Projects/Website-Monitor/src/monitor.sh: line 18: /app/logs/status.log: No such file or directory
/home/arif/Cloud-2026/Projects/Website-Monitor/src/monitor.sh: line 20: /app/logs/status.log: No such file or directory
/home/arif/Cloud-2026/Projects/Website-Monitor/src/monitor.sh: line 2: cd: /app: No such file or directory
/home/arif/Cloud-2026/Projects/Website-Monitor/src/monitor.sh: line 18: /app/logs/status.log: No such file or directory
/home/arif/Cloud-2026/Projects/Website-Monitor/src/monitor.sh: line 18: /app/logs/status.log: No such file or directory
/home/arif/Cloud-2026/Projects/Website-Monitor/src/monitor.sh: line 20: /app/logs/status.log: No such file or directory
/home/arif/Cloud-2026/Projects/Website-Monitor/src/monitor.sh: line 2: cd: /app: No such file or directory
/home/arif/Cloud-2026/Projects/Website-Monitor/src/monitor.sh: line 18: /app/logs/status.log: No such file or directory
/home/arif/Cloud-2026/Projects/Website-Monitor/src/monitor.sh: line 18: /app/logs/status.log: No such file or directory
/home/arif/Cloud-2026/Projects/Website-Monitor/src/monitor.sh: line 20: /app/logs/status.log: No such file or directory
/home/arif/Cloud-2026/Projects/Website-Monitor/src/monitor.sh: line 2: cd: /app: No such file or directory
/home/arif/Cloud-2026/Projects/Website-Monitor/src/monitor.sh: line 18: /app/logs/status.log: No such file or directory
/home/arif/Cloud-2026/Projects/Website-Monitor/src/monitor.sh: line 18: /app/logs/status.log: No such file or directory
/home/arif/Cloud-2026/Projects/Website-Monitor/src/monitor.sh: line 20: /app/logs/status.log: No such file or directory
/home/arif/Cloud-2026/Projects/Website-Monitor/src/monitor.sh: line 2: cd: /app: No such file or directory
/home/arif/Cloud-2026/Projects/Website-Monitor/src/monitor.sh: line 18: /app/logs/status.log: No such file or directory
/home/arif/Cloud-2026/Projects/Website-Monitor/src/monitor.sh: line 18: /app/logs/status.log: No such file or directory
/home/arif/Cloud-2026/Projects/Website-Monitor/src/monitor.sh: line 20: /app/logs/status.log: No such file or directory
/home/arif/Cloud-2026/Projects/Website-Monitor/src/monitor.sh: line 2: cd: /app: No such file or directory
/home/arif/Cloud-2026/Projects/Website-Monitor/src/monitor.sh: line 18: /app/logs/status.log: No such file or directory
/home/arif/Cloud-2026/Projects/Website-Monitor/src/monitor.sh: line 18: /app/logs/status.log: No such file or directory
/home/arif/Cloud-2026/Projects/Website-Monitor/src/monitor.sh: line 20: /app/logs/status.log: No such file or directory
/home/arif/Cloud-2026/Projects/Website-Monitor/src/monitor.sh: line 2: cd: /app: No such file or directory
/home/arif/Cloud-2026/Projects/Website-Monitor/src/monitor.sh: line 18: /app/logs/status.log: No such file or directory
/home/arif/Cloud-2026/Projects/Website-Monitor/src/monitor.sh: line 18: /app/logs/status.log: No such file or directory
/home/arif/Cloud-2026/Projects/Website-Monitor/src/monitor.sh: line 20: /app/logs/status.log: No such file or directory
/home/arif/Cloud-2026/Projects/Website-Monitor/src/monitor.sh: line 2: cd: /app: No such file or directory
/home/arif/Cloud-2026/Projects/Website-Monitor/src/monitor.sh: line 18: /app/logs/status.log: No such file or directory
/home/arif/Cloud-2026/Projects/Website-Monitor/src/monitor.sh: line 18: /app/logs/status.log: No such file or directory
/home/arif/Cloud-2026/Projects/Website-Monitor/src/monitor.sh: line 20: /app/logs/status.log: No such file or directory
/home/arif/Cloud-2026/Projects/Website-Monitor/src/monitor.sh: line 2: cd: /app: No such file or directory
/home/arif/Cloud-2026/Projects/Website-Monitor/src/monitor.sh: line 18: /app/logs/status.log: No such file or directory
/home/arif/Cloud-2026/Projects/Website-Monitor/src/monitor.sh: line 18: /app/logs/status.log: No such file or directory
/home/arif/Cloud-2026/Projects/Website-Monitor/src/monitor.sh: line 20: /app/logs/status.log: No such file or directory
/home/arif/Cloud-2026/Projects/Website-Monitor/src/monitor.sh: line 2: cd: /app: No such file or directory
/home/arif/Cloud-2026/Projects/Website-Monitor/src/monitor.sh: line 18: /app/logs/status.log: No such file or directory
/home/arif/Cloud-2026/Projects/Website-Monitor/src/monitor.sh: line 18: /app/logs/status.log: No such file or directory
/home/arif/Cloud-2026/Projects/Website-Monitor/src/monitor.sh: line 20: /app/logs/status.log: No such file or directory
/home/arif/Cloud-2026/Projects/Website-Monitor/src/monitor.sh: line 2: cd: /app: No such file or directory
/home/arif/Cloud-2026/Projects/Website-Monitor/src/monitor.sh: line 18: /app/logs/status.log: No such file or directory
/home/arif/Cloud-2026/Projects/Website-Monitor/src/monitor.sh: line 18: /app/logs/status.log: No such file or directory
/home/arif/Cloud-2026/Projects/Website-Monitor/src/monitor.sh: line 20: /app/logs/status.log: No such file or directory
/home/arif/Cloud-2026/Projects/Website-Monitor/src/monitor.sh: line 2: cd: /app: No such file or directory
/home/arif/Cloud-2026/Projects/Website-Monitor/src/monitor.sh: line 18: /app/logs/status.log: No such file or directory
/home/arif/Cloud-2026/Projects/Website-Monitor/src/monitor.sh: line 18: /app/logs/status.log: No such file or directory
/home/arif/Cloud-2026/Projects/Website-Monitor/src/monitor.sh: line 20: /app/logs/status.log: No such file or directory
/home/arif/Cloud-2026/Projects/Website-Monitor/src/monitor.sh: line 2: cd: /app: No such file or directory
tee: /app/logs/status.log: No such file or directory
[Fri May 22 16:00:02 UTC 2026] STATUS=UP SITE=https://google.com CODE=200
tee: /app/logs/status.log: No such file or directory
[Fri May 22 16:00:02 UTC 2026] STATUS=UP SITE=https://github.com CODE=200
tee: /app/logs/status.log: No such file or directory
[Fri May 22 16:00:04 UTC 2026] STATUS=DOWN SITE=https://abcxyz123.com CODE=403 REDIRECT=https://abcxyz123com.azurewebsites.net/
/home/arif/Cloud-2026/Projects/Website-Monitor/src/monitor.sh: line 2: cd: /app: No such file or directory
tee: /app/logs/status.log: No such file or directory
[Fri May 22 16:05:02 UTC 2026] STATUS=UP SITE=https://google.com CODE=200
tee: /app/logs/status.log: No such file or directory
[Fri May 22 16:05:02 UTC 2026] STATUS=UP SITE=https://github.com CODE=200
tee: /app/logs/status.log: No such file or directory
[Fri May 22 16:05:04 UTC 2026] STATUS=DOWN SITE=https://abcxyz123.com CODE=403 REDIRECT=https://abcxyz123com.azurewebsites.net/
