[Tue Apr 28 10:23:55 UTC 2026] STATUS=UP SITE=https://google.com CODE=200
[Tue Apr 28 10:23:55 UTC 2026] STATUS=UP SITE=https://github.com CODE=200
[Tue Apr 28 10:23:58 UTC 2026] STATUS=DOWN SITE=https://abcxyz123.com CODE=403 REDIRECT=https://abcxyz123com.azurewebsites.net/
[Tue May 12 09:35:40 UTC 2026] STATUS=UP SITE=https://google.com CODE=200
[Tue May 12 09:35:51 UTC 2026] STATUS=UP SITE=https://github.com CODE=200
[Tue May 12 09:35:53 UTC 2026] STATUS=DOWN SITE=https://abcxyz123.com CODE=403 REDIRECT=https://abcxyz123com.azurewebsites.net/
[Tue May 12 09:40:03 UTC 2026] STATUS=UP SITE=https://google.com CODE=200
[Tue May 12 09:40:04 UTC 2026] STATUS=UP SITE=https://github.com CODE=200
[Tue May 12 09:40:06 UTC 2026] STATUS=DOWN SITE=https://abcxyz123.com CODE=403 REDIRECT=https://abcxyz123com.azurewebsites.net/
[Tue May 12 09:45:04 UTC 2026] STATUS=UP SITE=https://google.com CODE=200
[Tue May 12 09:45:04 UTC 2026] STATUS=UP SITE=https://github.com CODE=200
[Tue May 12 09:45:07 UTC 2026] STATUS=DOWN SITE=https://abcxyz123.com CODE=403 REDIRECT=https://abcxyz123com.azurewebsites.net/
[Tue May 12 09:46:04 UTC 2026] STATUS=UP SITE=https://google.com CODE=200
[Tue May 12 09:46:04 UTC 2026] STATUS=UP SITE=https://github.com CODE=200
[Tue May 12 09:47:03 UTC 2026] STATUS=UP SITE=https://google.com CODE=200
[Tue May 12 09:47:03 UTC 2026] STATUS=UP SITE=https://github.com CODE=200
[Tue May 12 09:47:04 UTC 2026] STATUS=DOWN SITE=https://abcxyz123.com CODE=504 REDIRECT=https://abcxyz123.com/
[Tue May 12 09:47:06 UTC 2026] STATUS=DOWN SITE=https://abcxyz123.com CODE=403 REDIRECT=https://abcxyz123com.azurewebsites.net/
[Tue May 12 09:48:04 UTC 2026] STATUS=UP SITE=https://google.com CODE=200
[Tue May 12 09:48:04 UTC 2026] STATUS=UP SITE=https://github.com CODE=200
[Tue May 12 09:48:06 UTC 2026] STATUS=DOWN SITE=https://abcxyz123.com CODE=403 REDIRECT=https://abcxyz123com.azurewebsites.net/
[Tue May 12 09:49:04 UTC 2026] STATUS=UP SITE=https://google.com CODE=200
[Tue May 12 09:49:04 UTC 2026] STATUS=UP SITE=https://github.com CODE=200
[Tue May 12 09:49:22 UTC 2026] STATUS=DOWN SITE=https://abcxyz123.com CODE=403 REDIRECT=https://abcxyz123com.azurewebsites.net/
[Tue May 12 10:00:03 UTC 2026] STATUS=UP SITE=https://google.com CODE=200
[Tue May 12 10:00:03 UTC 2026] STATUS=UP SITE=https://github.com CODE=200
[Tue May 12 10:00:22 UTC 2026] STATUS=DOWN SITE=https://abcxyz123.com CODE=403 REDIRECT=https://abcxyz123com.azurewebsites.net/
[Tue May 12 10:01:03 UTC 2026] STATUS=UP SITE=https://google.com CODE=200
[Tue May 12 10:01:03 UTC 2026] STATUS=UP SITE=https://github.com CODE=200
[Tue May 12 10:01:06 UTC 2026] STATUS=DOWN SITE=https://abcxyz123.com CODE=403 REDIRECT=https://abcxyz123com.azurewebsites.net/
[Tue May 12 10:02:03 UTC 2026] STATUS=UP SITE=https://google.com CODE=200
[Tue May 12 10:02:03 UTC 2026] STATUS=UP SITE=https://github.com CODE=200
[Tue May 12 10:02:37 UTC 2026] STATUS=DOWN SITE=https://abcxyz123.com CODE=403 REDIRECT=https://abcxyz123com.azurewebsites.net/
[Tue May 12 10:03:03 UTC 2026] STATUS=UP SITE=https://google.com CODE=200
[Tue May 12 10:03:03 UTC 2026] STATUS=UP SITE=https://github.com CODE=200
[Tue May 12 10:03:06 UTC 2026] STATUS=DOWN SITE=https://abcxyz123.com CODE=403 REDIRECT=https://abcxyz123com.azurewebsites.net/
[Tue May 12 10:04:03 UTC 2026] STATUS=UP SITE=https://google.com CODE=200
[Tue May 12 10:04:04 UTC 2026] STATUS=UP SITE=https://github.com CODE=200
[Tue May 12 10:04:06 UTC 2026] STATUS=DOWN SITE=https://abcxyz123.com CODE=403 REDIRECT=https://abcxyz123com.azurewebsites.net/
[Tue May 12 10:05:03 UTC 2026] STATUS=UP SITE=https://google.com CODE=200
[Tue May 12 10:05:03 UTC 2026] STATUS=UP SITE=https://github.com CODE=200
[Tue May 12 10:05:05 UTC 2026] STATUS=DOWN SITE=https://abcxyz123.com CODE=403 REDIRECT=https://abcxyz123com.azurewebsites.net/
[Tue May 12 10:05:31 UTC 2026] STATUS=UP SITE=https://google.com CODE=200
[Tue May 12 10:05:32 UTC 2026] STATUS=UP SITE=https://github.com CODE=200
[Tue May 12 10:05:34 UTC 2026] STATUS=DOWN SITE=https://abcxyz123.com CODE=403 REDIRECT=https://abcxyz123com.azurewebsites.net/
[Tue May 12 10:06:04 UTC 2026] STATUS=UP SITE=https://google.com CODE=200
[Tue May 12 10:06:05 UTC 2026] STATUS=UP SITE=https://github.com CODE=200
[Tue May 12 10:06:07 UTC 2026] STATUS=DOWN SITE=https://abcxyz123.com CODE=403 REDIRECT=https://abcxyz123com.azurewebsites.net/
[Tue May 12 10:07:03 UTC 2026] STATUS=UP SITE=https://google.com CODE=200
[Tue May 12 10:07:03 UTC 2026] STATUS=UP SITE=https://github.com CODE=200
[Tue May 12 10:07:06 UTC 2026] STATUS=DOWN SITE=https://abcxyz123.com CODE=403 REDIRECT=https://abcxyz123com.azurewebsites.net/
[Tue May 12 10:08:04 UTC 2026] STATUS=UP SITE=https://google.com CODE=200
[Tue May 12 10:08:04 UTC 2026] STATUS=UP SITE=https://github.com CODE=200
[Tue May 12 10:08:07 UTC 2026] STATUS=DOWN SITE=https://abcxyz123.com CODE=403 REDIRECT=https://abcxyz123com.azurewebsites.net/
[Tue May 12 10:10:03 UTC 2026] STATUS=UP SITE=https://google.com CODE=200
[Tue May 12 10:10:03 UTC 2026] STATUS=UP SITE=https://github.com CODE=200
[Tue May 12 10:10:06 UTC 2026] STATUS=DOWN SITE=https://abcxyz123.com CODE=403 REDIRECT=https://abcxyz123com.azurewebsites.net/
